[ 2014-05-08T00:00:08+08:00 ] 127.0.0.1 /index.php/Home/Index/Index
INFO: [ app_init ] --START--
INFO: Run Behavior\BuildLiteBehavior [ RunTime:0.000026s ]
INFO: [ app_init ] --END-- [ RunTime:0.000530s ]
INFO: [ app_begin ] --START--
INFO: Run Behavior\ReadHtmlCacheBehavior [ RunTime:0.000599s ]
INFO: [ app_begin ] --END-- [ RunTime:0.000661s ]
INFO: [ view_parse ] --START--
INFO: [ template_filter ] --START--
INFO: Run Behavior\ContentReplaceBehavior [ RunTime:0.000437s ]
INFO: [ template_filter ] --END-- [ RunTime:0.000514s ]
INFO: Run Behavior\ParseTemplateBehavior [ RunTime:0.026471s ]
INFO: [ view_parse ] --END-- [ RunTime:0.026539s ]
INFO: [ view_filter ] --START--
INFO: Run Behavior\WriteHtmlCacheBehavior [ RunTime:0.000393s ]
INFO: [ view_filter ] --END-- [ RunTime:0.000440s ]
INFO: [ app_end ] --START--
INFO: Run Behavior\ShowPageTraceBehavior [ RunTime:0.000745s ]
INFO: [ app_end ] --END-- [ RunTime:0.000805s ]

[ 2014-05-08T00:00:21+08:00 ] 127.0.0.1 /index.php/Home/Weimedia/Index/order/1
INFO: [ app_init ] --START--
INFO: Run Behavior\BuildLiteBehavior [ RunTime:0.000022s ]
INFO: [ app_init ] --END-- [ RunTime:0.000473s ]
INFO: [ app_begin ] --START--
INFO: Run Behavior\ReadHtmlCacheBehavior [ RunTime:0.000784s ]
INFO: [ app_begin ] --END-- [ RunTime:0.000917s ]
INFO: [ view_parse ] --START--
INFO: [ template_filter ] --START--
INFO: Run Behavior\ContentReplaceBehavior [ RunTime:0.000314s ]
INFO: [ template_filter ] --END-- [ RunTime:0.000386s ]
INFO: Run Behavior\ParseTemplateBehavior [ RunTime:0.032526s ]
INFO: [ view_parse ] --END-- [ RunTime:0.032732s ]
INFO: [ view_filter ] --START--
INFO: Run Behavior\WriteHtmlCacheBehavior [ RunTime:0.000325s ]
INFO: [ view_filter ] --END-- [ RunTime:0.000384s ]
INFO: [ app_end ] --START--
INFO: Run Behavior\ShowPageTraceBehavior [ RunTime:0.001129s ]
INFO: [ app_end ] --END-- [ RunTime:0.001239s ]

[ 2014-05-08T00:01:33+08:00 ] 127.0.0.1 /index.php/Home/Weimedia/Index/order/1
INFO: [ app_init ] --START--
INFO: Run Behavior\BuildLiteBehavior [ RunTime:0.000018s ]
INFO: [ app_init ] --END-- [ RunTime:0.000398s ]
INFO: [ app_begin ] --START--
INFO: Run Behavior\ReadHtmlCacheBehavior [ RunTime:0.000820s ]
INFO: [ app_begin ] --END-- [ RunTime:0.000879s ]
INFO: [ view_parse ] --START--
INFO: [ template_filter ] --START--
INFO: Run Behavior\ContentReplaceBehavior [ RunTime:0.000267s ]
INFO: [ template_filter ] --END-- [ RunTime:0.000332s ]
INFO: Run Behavior\ParseTemplateBehavior [ RunTime:0.020166s ]
INFO: [ view_parse ] --END-- [ RunTime:0.020236s ]
INFO: [ view_filter ] --START--
INFO: Run Behavior\WriteHtmlCacheBehavior [ RunTime:0.000431s ]
INFO: [ view_filter ] --END-- [ RunTime:0.000475s ]
INFO: [ app_end ] --START--
INFO: Run Behavior\ShowPageTraceBehavior [ RunTime:0.000726s ]
INFO: [ app_end ] --END-- [ RunTime:0.000782s ]

[ 2014-05-08T14:34:44+08:00 ] 127.0.0.1 /index.php
INFO: [ app_init ] --START--
INFO: Run Behavior\BuildLiteBehavior [ RunTime:0.000031s ]
INFO: [ app_init ] --END-- [ RunTime:0.105550s ]
INFO: [ app_begin ] --START--
INFO: Run Behavior\ReadHtmlCacheBehavior [ RunTime:0.016286s ]
INFO: [ app_begin ] --END-- [ RunTime:0.016406s ]
INFO: [ view_parse ] --START--
INFO: [ template_filter ] --START--
INFO: Run Behavior\ContentReplaceBehavior [ RunTime:0.000433s ]
INFO: [ template_filter ] --END-- [ RunTime:0.000514s ]
INFO: Run Behavior\ParseTemplateBehavior [ RunTime:0.291476s ]
INFO: [ view_parse ] --END-- [ RunTime:0.291584s ]
INFO: [ view_filter ] --START--
INFO: Run Behavior\WriteHtmlCacheBehavior [ RunTime:0.022532s ]
INFO: [ view_filter ] --END-- [ RunTime:0.022612s ]
INFO: [ app_end ] --START--
INFO: Run Behavior\ShowPageTraceBehavior [ RunTime:0.149616s ]
INFO: [ app_end ] --END-- [ RunTime:0.149715s ]

[ 2014-05-08T14:34:49+08:00 ] 127.0.0.1 /index.php/Home/Weimedia/Index/order/1
INFO: [ app_init ] --START--
INFO: Run Behavior\BuildLiteBehavior [ RunTime:0.000017s ]
INFO: [ app_init ] --END-- [ RunTime:0.000501s ]
INFO: [ app_begin ] --START--
INFO: Run Behavior\ReadHtmlCacheBehavior [ RunTime:0.000849s ]
INFO: [ app_begin ] --END-- [ RunTime:0.000908s ]
INFO: [ view_parse ] --START--
INFO: [ template_filter ] --START--
INFO: Run Behavior\ContentReplaceBehavior [ RunTime:0.000329s ]
INFO: [ template_filter ] --END-- [ RunTime:0.000461s ]
INFO: Run Behavior\ParseTemplateBehavior [ RunTime:0.061289s ]
INFO: [ view_parse ] --END-- [ RunTime:0.061431s ]
INFO: [ view_filter ] --START--
INFO: Run Behavior\WriteHtmlCacheBehavior [ RunTime:0.000621s ]
INFO: [ view_filter ] --END-- [ RunTime:0.000667s ]
INFO: [ app_end ] --START--
INFO: Run Behavior\ShowPageTraceBehavior [ RunTime:0.000755s ]
INFO: [ app_end ] --END-- [ RunTime:0.000812s ]

[ 2014-05-08T16:10:39+08:00 ] 127.0.0.1 /index.php/Home/Weimedia/Index/order/1
INFO: [ app_init ] --START--
INFO: Run Behavior\BuildLiteBehavior [ RunTime:0.000030s ]
INFO: [ app_init ] --END-- [ RunTime:0.065486s ]
INFO: [ app_begin ] --START--
INFO: Run Behavior\ReadHtmlCacheBehavior [ RunTime:0.021475s ]
INFO: [ app_begin ] --END-- [ RunTime:0.021606s ]
INFO: [ view_parse ] --START--
INFO: [ template_filter ] --START--
INFO: Run Behavior\ContentReplaceBehavior [ RunTime:0.000315s ]
INFO: [ template_filter ] --END-- [ RunTime:0.000401s ]
INFO: Run Behavior\ParseTemplateBehavior [ RunTime:0.311813s ]
INFO: [ view_parse ] --END-- [ RunTime:0.311938s ]
INFO: [ view_filter ] --START--
INFO: Run Behavior\WriteHtmlCacheBehavior [ RunTime:0.009368s ]
INFO: [ view_filter ] --END-- [ RunTime:0.009428s ]
INFO: [ app_end ] --START--
INFO: Run Behavior\ShowPageTraceBehavior [ RunTime:0.004895s ]
INFO: [ app_end ] --END-- [ RunTime:0.004981s ]

[ 2014-05-08T16:26:01+08:00 ] 127.0.0.1 /index.php/Home/Weimedia/Index/order/1
INFO: [ app_init ] --START--
INFO: Run Behavior\BuildLiteBehavior [ RunTime:0.000023s ]
INFO: [ app_init ] --END-- [ RunTime:0.000644s ]
INFO: [ app_begin ] --START--
INFO: Run Behavior\ReadHtmlCacheBehavior [ RunTime:0.000917s ]
INFO: [ app_begin ] --END-- [ RunTime:0.000999s ]
ERR: 没有定义数据库配置

[ 2014-05-08T16:39:14+08:00 ] 127.0.0.1 /index.php/Home/Weimedia/Index/order/1
INFO: [ app_init ] --START--
INFO: Run Behavior\BuildLiteBehavior [ RunTime:0.000016s ]
INFO: [ app_init ] --END-- [ RunTime:0.000468s ]
INFO: [ app_begin ] --START--
INFO: Run Behavior\ReadHtmlCacheBehavior [ RunTime:0.000827s ]
INFO: [ app_begin ] --END-- [ RunTime:0.000891s ]
NOTIC: [8] Undefined index: db_dsn E:\Apache2.2\htdocs\dongli\ThinkPHP\Library\Think\Db.class.php 第 129 行.
NOTIC: [8] Undefined index: db_params E:\Apache2.2\htdocs\dongli\ThinkPHP\Library\Think\Db.class.php 第 130 行.
SQL: SHOW COLUMNS FROM `user` [ RunTime:0.055029s ]
ERR: 1146:Table 'power.user' doesn't exist
 [ SQL语句 ] : SHOW COLUMNS FROM `user`

[ 2014-05-08T16:39:49+08:00 ] 127.0.0.1 /index.php/Home/Weimedia/Index/order/1
INFO: [ app_init ] --START--
INFO: Run Behavior\BuildLiteBehavior [ RunTime:0.000236s ]
INFO: [ app_init ] --END-- [ RunTime:0.001228s ]
INFO: [ app_begin ] --START--
INFO: Run Behavior\ReadHtmlCacheBehavior [ RunTime:0.001111s ]
INFO: [ app_begin ] --END-- [ RunTime:0.001207s ]
NOTIC: [8] Undefined index: db_dsn E:\Apache2.2\htdocs\dongli\ThinkPHP\Library\Think\Db.class.php 第 129 行.
NOTIC: [8] Undefined index: db_params E:\Apache2.2\htdocs\dongli\ThinkPHP\Library\Think\Db.class.php 第 130 行.
SQL: SHOW COLUMNS FROM `user` [ RunTime:0.054286s ]
ERR: 1146:Table 'weikucms.user' doesn't exist
 [ SQL语句 ] : SHOW COLUMNS FROM `user`

[ 2014-05-08T16:40:04+08:00 ] 127.0.0.1 /index.php/Home/Weimedia/Index/order/1
INFO: [ app_init ] --START--
INFO: Run Behavior\BuildLiteBehavior [ RunTime:0.000019s ]
INFO: [ app_init ] --END-- [ RunTime:0.000507s ]
INFO: [ app_begin ] --START--
INFO: Run Behavior\ReadHtmlCacheBehavior [ RunTime:0.000804s ]
INFO: [ app_begin ] --END-- [ RunTime:0.000866s ]
NOTIC: [8] Undefined index: db_dsn E:\Apache2.2\htdocs\dongli\ThinkPHP\Library\Think\Db.class.php 第 129 行.
NOTIC: [8] Undefined index: db_params E:\Apache2.2\htdocs\dongli\ThinkPHP\Library\Think\Db.class.php 第 130 行.
SQL: SHOW COLUMNS FROM `users` [ RunTime:0.048440s ]
ERR: 1146:Table 'weikucms.users' doesn't exist
 [ SQL语句 ] : SHOW COLUMNS FROM `users`

[ 2014-05-08T16:40:37+08:00 ] 127.0.0.1 /index.php/Home/Weimedia/Index/order/1
INFO: [ app_init ] --START--
INFO: Run Behavior\BuildLiteBehavior [ RunTime:0.000018s ]
INFO: [ app_init ] --END-- [ RunTime:0.000472s ]
INFO: [ app_begin ] --START--
INFO: Run Behavior\ReadHtmlCacheBehavior [ RunTime:0.000814s ]
INFO: [ app_begin ] --END-- [ RunTime:0.000872s ]
NOTIC: [8] Undefined index: db_dsn E:\Apache2.2\htdocs\dongli\ThinkPHP\Library\Think\Db.class.php 第 129 行.
NOTIC: [8] Undefined index: db_params E:\Apache2.2\htdocs\dongli\ThinkPHP\Library\Think\Db.class.php 第 130 行.
SQL: SHOW COLUMNS FROM `wxusers` [ RunTime:0.048569s ]
ERR: 1146:Table 'weikucms.wxusers' doesn't exist
 [ SQL语句 ] : SHOW COLUMNS FROM `wxusers`

[ 2014-05-08T16:40:57+08:00 ] 127.0.0.1 /index.php/Home/Weimedia/Index/order/1
INFO: [ app_init ] --START--
INFO: Run Behavior\BuildLiteBehavior [ RunTime:0.000030s ]
INFO: [ app_init ] --END-- [ RunTime:0.000641s ]
INFO: [ app_begin ] --START--
INFO: Run Behavior\ReadHtmlCacheBehavior [ RunTime:0.000839s ]
INFO: [ app_begin ] --END-- [ RunTime:0.000976s ]
NOTIC: [8] Undefined index: db_dsn E:\Apache2.2\htdocs\dongli\ThinkPHP\Library\Think\Db.class.php 第 129 行.
NOTIC: [8] Undefined index: db_params E:\Apache2.2\htdocs\dongli\ThinkPHP\Library\Think\Db.class.php 第 130 行.
SQL: SHOW COLUMNS FROM `tp_user` [ RunTime:0.088799s ]

[ 2014-05-08T16:41:56+08:00 ] 127.0.0.1 /index.php/Home/Weimedia/Index/order/1
INFO: [ app_init ] --START--
INFO: Run Behavior\BuildLiteBehavior [ RunTime:0.000339s ]
INFO: [ app_init ] --END-- [ RunTime:0.001155s ]
INFO: [ app_begin ] --START--
INFO: Run Behavior\ReadHtmlCacheBehavior [ RunTime:0.001549s ]
INFO: [ app_begin ] --END-- [ RunTime:0.001657s ]
NOTIC: [8] Undefined index: db_dsn E:\Apache2.2\htdocs\dongli\ThinkPHP\Library\Think\Db.class.php 第 129 行.
NOTIC: [8] Undefined index: db_params E:\Apache2.2\htdocs\dongli\ThinkPHP\Library\Think\Db.class.php 第 130 行.
SQL: SHOW COLUMNS FROM `user` [ RunTime:0.155031s ]
ERR: 1146:Table 'power.user' doesn't exist
 [ SQL语句 ] : SHOW COLUMNS FROM `user`

[ 2014-05-08T16:42:18+08:00 ] 127.0.0.1 /index.php/Home/Weimedia/Index/order/1
INFO: [ app_init ] --START--
INFO: Run Behavior\BuildLiteBehavior [ RunTime:0.000016s ]
INFO: [ app_init ] --END-- [ RunTime:0.000400s ]
INFO: [ app_begin ] --START--
INFO: Run Behavior\ReadHtmlCacheBehavior [ RunTime:0.000567s ]
INFO: [ app_begin ] --END-- [ RunTime:0.000622s ]
NOTIC: [8] Undefined index: db_dsn E:\Apache2.2\htdocs\dongli\ThinkPHP\Library\Think\Db.class.php 第 129 行.
NOTIC: [8] Undefined index: db_params E:\Apache2.2\htdocs\dongli\ThinkPHP\Library\Think\Db.class.php 第 130 行.
SQL: SHOW COLUMNS FROM `user` [ RunTime:0.048301s ]
ERR: 1146:Table 'power.user' doesn't exist
 [ SQL语句 ] : SHOW COLUMNS FROM `user`
INFO: [ view_parse ] --START--
INFO: [ template_filter ] --START--
INFO: Run Behavior\ContentReplaceBehavior [ RunTime:0.000554s ]
INFO: [ template_filter ] --END-- [ RunTime:0.000679s ]
INFO: Run Behavior\ParseTemplateBehavior [ RunTime:0.180347s ]
INFO: [ view_parse ] --END-- [ RunTime:0.180473s ]
INFO: [ view_filter ] --START--
INFO: Run Behavior\WriteHtmlCacheBehavior [ RunTime:0.015212s ]
INFO: [ view_filter ] --END-- [ RunTime:0.015300s ]
INFO: [ app_end ] --START--
INFO: Run Behavior\ShowPageTraceBehavior [ RunTime:0.005808s ]
INFO: [ app_end ] --END-- [ RunTime:0.005937s ]

[ 2014-05-08T16:42:41+08:00 ] 127.0.0.1 /index.php/Home/Weimedia/Index/order/1
INFO: [ app_init ] --START--
INFO: Run Behavior\BuildLiteBehavior [ RunTime:0.000017s ]
INFO: [ app_init ] --END-- [ RunTime:0.000398s ]
INFO: [ app_begin ] --START--
INFO: Run Behavior\ReadHtmlCacheBehavior [ RunTime:0.000779s ]
INFO: [ app_begin ] --END-- [ RunTime:0.000837s ]
NOTIC: [8] Undefined index: db_dsn E:\Apache2.2\htdocs\dongli\ThinkPHP\Library\Think\Db.class.php 第 129 行.
NOTIC: [8] Undefined index: db_params E:\Apache2.2\htdocs\dongli\ThinkPHP\Library\Think\Db.class.php 第 130 行.
SQL: SHOW COLUMNS FROM `user` [ RunTime:0.053084s ]
ERR: 1146:Table 'power.user' doesn't exist
 [ SQL语句 ] : SHOW COLUMNS FROM `user`
INFO: [ view_parse ] --START--
INFO: [ template_filter ] --START--
INFO: Run Behavior\ContentReplaceBehavior [ RunTime:0.000503s ]
INFO: [ template_filter ] --END-- [ RunTime:0.000622s ]
INFO: Run Behavior\ParseTemplateBehavior [ RunTime:0.130928s ]
INFO: [ view_parse ] --END-- [ RunTime:0.131025s ]
INFO: [ view_filter ] --START--
INFO: Run Behavior\WriteHtmlCacheBehavior [ RunTime:0.000737s ]
INFO: [ view_filter ] --END-- [ RunTime:0.000822s ]
INFO: [ app_end ] --START--
INFO: Run Behavior\ShowPageTraceBehavior [ RunTime:0.002512s ]
INFO: [ app_end ] --END-- [ RunTime:0.007077s ]

[ 2014-05-08T17:02:19+08:00 ] 127.0.0.1 /index.php/Home/Weimedia/Index/order/1
INFO: [ app_init ] --START--
INFO: Run Behavior\BuildLiteBehavior [ RunTime:0.000018s ]
INFO: [ app_init ] --END-- [ RunTime:0.000472s ]
INFO: [ app_begin ] --START--
INFO: Run Behavior\ReadHtmlCacheBehavior [ RunTime:0.000979s ]
INFO: [ app_begin ] --END-- [ RunTime:0.001051s ]
NOTIC: [8] Undefined index: db_dsn E:\Apache2.2\htdocs\dongli\ThinkPHP\Library\Think\Db.class.php 第 129 行.
NOTIC: [8] Undefined index: db_params E:\Apache2.2\htdocs\dongli\ThinkPHP\Library\Think\Db.class.php 第 130 行.
SQL: SHOW COLUMNS FROM `user` [ RunTime:0.162485s ]
ERR: 1146:Table 'power.user' doesn't exist
 [ SQL语句 ] : SHOW COLUMNS FROM `user`
SQL: SELECT * FROM `user` WHERE ( `is_relate` = 1 ) AND ( `status` = 1 ) AND ( `type` = 1 )  [ RunTime:0.261794s ]
ERR: 1146:Table 'power.user' doesn't exist
 [ SQL语句 ] : SELECT * FROM `user` WHERE ( `is_relate` = 1 ) AND ( `status` = 1 ) AND ( `type` = 1 ) 
INFO: [ view_parse ] --START--
INFO: [ template_filter ] --START--
INFO: Run Behavior\ContentReplaceBehavior [ RunTime:0.000352s ]
INFO: [ template_filter ] --END-- [ RunTime:0.000492s ]
INFO: Run Behavior\ParseTemplateBehavior [ RunTime:0.033689s ]
INFO: [ view_parse ] --END-- [ RunTime:0.033772s ]
INFO: [ view_filter ] --START--
INFO: Run Behavior\WriteHtmlCacheBehavior [ RunTime:0.000491s ]
INFO: [ view_filter ] --END-- [ RunTime:0.000549s ]
INFO: [ app_end ] --START--
INFO: Run Behavior\ShowPageTraceBehavior [ RunTime:0.000965s ]
INFO: [ app_end ] --END-- [ RunTime:0.001034s ]

[ 2014-05-08T17:09:38+08:00 ] 127.0.0.1 /index.php/Home/Weimedia/Index/order/1
INFO: [ app_init ] --START--
INFO: Run Behavior\BuildLiteBehavior [ RunTime:0.000023s ]
INFO: [ app_init ] --END-- [ RunTime:0.000567s ]
INFO: [ app_begin ] --START--
INFO: Run Behavior\ReadHtmlCacheBehavior [ RunTime:0.001044s ]
INFO: [ app_begin ] --END-- [ RunTime:0.001117s ]
NOTIC: [8] Undefined index: db_dsn E:\Apache2.2\htdocs\dongli\ThinkPHP\Library\Think\Db.class.php 第 129 行.
NOTIC: [8] Undefined index: db_params E:\Apache2.2\htdocs\dongli\ThinkPHP\Library\Think\Db.class.php 第 130 行.
SQL: SHOW COLUMNS FROM `user` [ RunTime:0.048940s ]
ERR: 1146:Table 'power.user' doesn't exist
 [ SQL语句 ] : SHOW COLUMNS FROM `user`
SQL: SELECT * FROM `user` WHERE ( `is_relate` = 1 ) AND ( `status` = 1 ) AND ( `type` = 1 )  [ RunTime:0.048975s ]
ERR: 1146:Table 'power.user' doesn't exist
 [ SQL语句 ] : SELECT * FROM `user` WHERE ( `is_relate` = 1 ) AND ( `status` = 1 ) AND ( `type` = 1 ) 
ERR: 没有定义数据库配置

[ 2014-05-08T17:09:56+08:00 ] 127.0.0.1 /index.php/Home/Weimedia/Index/order/1
INFO: [ app_init ] --START--
INFO: Run Behavior\BuildLiteBehavior [ RunTime:0.000021s ]
INFO: [ app_init ] --END-- [ RunTime:0.000618s ]
INFO: [ app_begin ] --START--
INFO: Run Behavior\ReadHtmlCacheBehavior [ RunTime:0.000878s ]
INFO: [ app_begin ] --END-- [ RunTime:0.000950s ]
NOTIC: [8] Undefined index: db_dsn E:\Apache2.2\htdocs\dongli\ThinkPHP\Library\Think\Db.class.php 第 129 行.
NOTIC: [8] Undefined index: db_params E:\Apache2.2\htdocs\dongli\ThinkPHP\Library\Think\Db.class.php 第 130 行.
SQL: SHOW COLUMNS FROM `user` [ RunTime:0.058430s ]
ERR: 1146:Table 'power.user' doesn't exist
 [ SQL语句 ] : SHOW COLUMNS FROM `user`
SQL: SELECT * FROM `user` WHERE ( `is_relate` = 1 ) AND ( `status` = 1 ) AND ( `type` = 1 )  [ RunTime:0.158757s ]
ERR: 1146:Table 'power.user' doesn't exist
 [ SQL语句 ] : SELECT * FROM `user` WHERE ( `is_relate` = 1 ) AND ( `status` = 1 ) AND ( `type` = 1 ) 
NOTIC: [8] Undefined index: db_dsn E:\Apache2.2\htdocs\dongli\ThinkPHP\Library\Think\Db.class.php 第 129 行.
NOTIC: [8] Undefined index: db_params E:\Apache2.2\htdocs\dongli\ThinkPHP\Library\Think\Db.class.php 第 130 行.
SQL: SHOW COLUMNS FROM `tp_wxuser` [ RunTime:0.050655s ]
NOTIC: [2] Invalid argument supplied for foreach() E:\Apache2.2\htdocs\dongli\Application\Home\Controller\WeimediaController.class.php 第 13 行.

[ 2014-05-08T17:09:58+08:00 ] 127.0.0.1 /index.php/Home/Weimedia/Index/order/1
INFO: [ app_init ] --START--
INFO: Run Behavior\BuildLiteBehavior [ RunTime:0.000017s ]
INFO: [ app_init ] --END-- [ RunTime:0.000433s ]
INFO: [ app_begin ] --START--
INFO: Run Behavior\ReadHtmlCacheBehavior [ RunTime:0.000621s ]
INFO: [ app_begin ] --END-- [ RunTime:0.000678s ]
NOTIC: [8] Undefined index: db_dsn E:\Apache2.2\htdocs\dongli\ThinkPHP\Library\Think\Db.class.php 第 129 行.
NOTIC: [8] Undefined index: db_params E:\Apache2.2\htdocs\dongli\ThinkPHP\Library\Think\Db.class.php 第 130 行.
SQL: SHOW COLUMNS FROM `user` [ RunTime:0.049942s ]
ERR: 1146:Table 'power.user' doesn't exist
 [ SQL语句 ] : SHOW COLUMNS FROM `user`
SQL: SELECT * FROM `user` WHERE ( `is_relate` = 1 ) AND ( `status` = 1 ) AND ( `type` = 1 )  [ RunTime:0.050903s ]
ERR: 1146:Table 'power.user' doesn't exist
 [ SQL语句 ] : SELECT * FROM `user` WHERE ( `is_relate` = 1 ) AND ( `status` = 1 ) AND ( `type` = 1 ) 
NOTIC: [8] Undefined index: db_dsn E:\Apache2.2\htdocs\dongli\ThinkPHP\Library\Think\Db.class.php 第 129 行.
NOTIC: [8] Undefined index: db_params E:\Apache2.2\htdocs\dongli\ThinkPHP\Library\Think\Db.class.php 第 130 行.
SQL: SHOW COLUMNS FROM `tp_wxuser` [ RunTime:0.052570s ]
NOTIC: [2] Invalid argument supplied for foreach() E:\Apache2.2\htdocs\dongli\Application\Home\Controller\WeimediaController.class.php 第 13 行.

[ 2014-05-08T17:11:01+08:00 ] 127.0.0.1 /index.php/Home/Weimedia/Index/order/1
INFO: [ app_init ] --START--
INFO: Run Behavior\BuildLiteBehavior [ RunTime:0.000017s ]
INFO: [ app_init ] --END-- [ RunTime:0.000397s ]
INFO: [ app_begin ] --START--
INFO: Run Behavior\ReadHtmlCacheBehavior [ RunTime:0.000581s ]
INFO: [ app_begin ] --END-- [ RunTime:0.000637s ]
NOTIC: [8] Undefined index: db_dsn E:\Apache2.2\htdocs\dongli\ThinkPHP\Library\Think\Db.class.php 第 129 行.
NOTIC: [8] Undefined index: db_params E:\Apache2.2\htdocs\dongli\ThinkPHP\Library\Think\Db.class.php 第 130 行.
SQL: SHOW COLUMNS FROM `user` [ RunTime:0.049324s ]
ERR: 1146:Table 'power.user' doesn't exist
 [ SQL语句 ] : SHOW COLUMNS FROM `user`
SQL: SELECT * FROM `user` WHERE ( `is_relate` = 1 ) AND ( `status` = 1 ) AND ( `type` = 1 )  [ RunTime:0.049654s ]
ERR: 1146:Table 'power.user' doesn't exist
 [ SQL语句 ] : SELECT * FROM `user` WHERE ( `is_relate` = 1 ) AND ( `status` = 1 ) AND ( `type` = 1 ) 

[ 2014-05-08T17:11:14+08:00 ] 127.0.0.1 /index.php/Home/Weimedia/Index/order/1
INFO: [ app_init ] --START--
INFO: Run Behavior\BuildLiteBehavior [ RunTime:0.000017s ]
INFO: [ app_init ] --END-- [ RunTime:0.000444s ]
INFO: [ app_begin ] --START--
INFO: Run Behavior\ReadHtmlCacheBehavior [ RunTime:0.000624s ]
INFO: [ app_begin ] --END-- [ RunTime:0.000681s ]
NOTIC: [8] Undefined index: db_dsn E:\Apache2.2\htdocs\dongli\ThinkPHP\Library\Think\Db.class.php 第 129 行.
NOTIC: [8] Undefined index: db_params E:\Apache2.2\htdocs\dongli\ThinkPHP\Library\Think\Db.class.php 第 130 行.
SQL: SHOW COLUMNS FROM `user` [ RunTime:0.048998s ]
ERR: 1146:Table 'power.user' doesn't exist
 [ SQL语句 ] : SHOW COLUMNS FROM `user`
SQL: SELECT * FROM `user` WHERE ( `is_relate` = 1 ) AND ( `status` = 1 ) AND ( `type` = 1 )  [ RunTime:0.048752s ]
ERR: 1146:Table 'power.user' doesn't exist
 [ SQL语句 ] : SELECT * FROM `user` WHERE ( `is_relate` = 1 ) AND ( `status` = 1 ) AND ( `type` = 1 ) 

[ 2014-05-08T17:11:50+08:00 ] 127.0.0.1 /index.php/Home/Weimedia/Index/order/1
INFO: [ app_init ] --START--
INFO: Run Behavior\BuildLiteBehavior [ RunTime:0.000018s ]
INFO: [ app_init ] --END-- [ RunTime:0.000449s ]
INFO: [ app_begin ] --START--
INFO: Run Behavior\ReadHtmlCacheBehavior [ RunTime:0.000728s ]
INFO: [ app_begin ] --END-- [ RunTime:0.000786s ]
NOTIC: [8] Undefined index: db_dsn E:\Apache2.2\htdocs\dongli\ThinkPHP\Library\Think\Db.class.php 第 129 行.
NOTIC: [8] Undefined index: db_params E:\Apache2.2\htdocs\dongli\ThinkPHP\Library\Think\Db.class.php 第 130 行.
SQL: SHOW COLUMNS FROM `user` [ RunTime:0.058874s ]
ERR: 1146:Table 'power.user' doesn't exist
 [ SQL语句 ] : SHOW COLUMNS FROM `user`
SQL: SELECT * FROM `user` WHERE ( `is_relate` = 1 ) AND ( `status` = 1 ) AND ( `type` = 1 )  [ RunTime:0.049203s ]
ERR: 1146:Table 'power.user' doesn't exist
 [ SQL语句 ] : SELECT * FROM `user` WHERE ( `is_relate` = 1 ) AND ( `status` = 1 ) AND ( `type` = 1 ) 

[ 2014-05-08T17:12:05+08:00 ] 127.0.0.1 /index.php/Home/Weimedia/Index/order/1
INFO: [ app_init ] --START--
INFO: Run Behavior\BuildLiteBehavior [ RunTime:0.000022s ]
INFO: [ app_init ] --END-- [ RunTime:0.000517s ]
INFO: [ app_begin ] --START--
INFO: Run Behavior\ReadHtmlCacheBehavior [ RunTime:0.000620s ]
INFO: [ app_begin ] --END-- [ RunTime:0.000677s ]
NOTIC: [8] Undefined index: db_dsn E:\Apache2.2\htdocs\dongli\ThinkPHP\Library\Think\Db.class.php 第 129 行.
NOTIC: [8] Undefined index: db_params E:\Apache2.2\htdocs\dongli\ThinkPHP\Library\Think\Db.class.php 第 130 行.
SQL: SHOW COLUMNS FROM `user` [ RunTime:0.054849s ]
ERR: 1146:Table 'power.user' doesn't exist
 [ SQL语句 ] : SHOW COLUMNS FROM `user`
SQL: SELECT * FROM `user` WHERE ( `is_relate` = 1 ) AND ( `status` = 1 ) AND ( `type` = 1 )  [ RunTime:0.054491s ]
ERR: 1146:Table 'power.user' doesn't exist
 [ SQL语句 ] : SELECT * FROM `user` WHERE ( `is_relate` = 1 ) AND ( `status` = 1 ) AND ( `type` = 1 ) 

[ 2014-05-08T17:12:20+08:00 ] 127.0.0.1 /index.php/Home/Weimedia/Index/order/1
INFO: [ app_init ] --START--
INFO: Run Behavior\BuildLiteBehavior [ RunTime:0.000017s ]
INFO: [ app_init ] --END-- [ RunTime:0.000396s ]
INFO: [ app_begin ] --START--
INFO: Run Behavior\ReadHtmlCacheBehavior [ RunTime:0.000573s ]
INFO: [ app_begin ] --END-- [ RunTime:0.000629s ]
NOTIC: [8] Undefined index: db_dsn E:\Apache2.2\htdocs\dongli\ThinkPHP\Library\Think\Db.class.php 第 129 行.
NOTIC: [8] Undefined index: db_params E:\Apache2.2\htdocs\dongli\ThinkPHP\Library\Think\Db.class.php 第 130 行.
SQL: SHOW COLUMNS FROM `user` [ RunTime:0.047584s ]
ERR: 1146:Table 'power.user' doesn't exist
 [ SQL语句 ] : SHOW COLUMNS FROM `user`
SQL: SELECT * FROM `user` WHERE ( `is_relate` = 1 ) AND ( `status` = 1 ) AND ( `type` = 1 )  [ RunTime:0.048998s ]
ERR: 1146:Table 'power.user' doesn't exist
 [ SQL语句 ] : SELECT * FROM `user` WHERE ( `is_relate` = 1 ) AND ( `status` = 1 ) AND ( `type` = 1 ) 

[ 2014-05-08T17:13:04+08:00 ] 127.0.0.1 /index.php/Home/Weimedia/Index/order/1
INFO: [ app_init ] --START--
INFO: Run Behavior\BuildLiteBehavior [ RunTime:0.000019s ]
INFO: [ app_init ] --END-- [ RunTime:0.000404s ]
INFO: [ app_begin ] --START--
INFO: Run Behavior\ReadHtmlCacheBehavior [ RunTime:0.000578s ]
INFO: [ app_begin ] --END-- [ RunTime:0.000634s ]
NOTIC: [8] Undefined index: db_dsn E:\Apache2.2\htdocs\dongli\ThinkPHP\Library\Think\Db.class.php 第 129 行.
NOTIC: [8] Undefined index: db_params E:\Apache2.2\htdocs\dongli\ThinkPHP\Library\Think\Db.class.php 第 130 行.
SQL: SHOW COLUMNS FROM `user` [ RunTime:0.139880s ]
ERR: 1146:Table 'power.user' doesn't exist
 [ SQL语句 ] : SHOW COLUMNS FROM `user`
SQL: SELECT * FROM `user` WHERE ( `is_relate` = 1 )  [ RunTime:0.048415s ]
ERR: 1146:Table 'power.user' doesn't exist
 [ SQL语句 ] : SELECT * FROM `user` WHERE ( `is_relate` = 1 ) 

[ 2014-05-08T17:13:39+08:00 ] 127.0.0.1 /index.php/Home/Weimedia/Index/order/1
INFO: [ app_init ] --START--
INFO: Run Behavior\BuildLiteBehavior [ RunTime:0.000020s ]
INFO: [ app_init ] --END-- [ RunTime:0.000461s ]
INFO: [ app_begin ] --START--
INFO: Run Behavior\ReadHtmlCacheBehavior [ RunTime:0.000674s ]
INFO: [ app_begin ] --END-- [ RunTime:0.000739s ]
NOTIC: [8] Undefined index: db_dsn E:\Apache2.2\htdocs\dongli\ThinkPHP\Library\Think\Db.class.php 第 129 行.
NOTIC: [8] Undefined index: db_params E:\Apache2.2\htdocs\dongli\ThinkPHP\Library\Think\Db.class.php 第 130 行.
SQL: SHOW COLUMNS FROM `user` [ RunTime:0.049460s ]
ERR: 1146:Table 'power.user' doesn't exist
 [ SQL语句 ] : SHOW COLUMNS FROM `user`
SQL: SELECT * FROM `user` WHERE ( `is_relate` = 1 )  [ RunTime:0.049075s ]
ERR: 1146:Table 'power.user' doesn't exist
 [ SQL语句 ] : SELECT * FROM `user` WHERE ( `is_relate` = 1 ) 

[ 2014-05-08T17:14:21+08:00 ] 127.0.0.1 /index.php/Home/Weimedia/Index/order/1
INFO: [ app_init ] --START--
INFO: Run Behavior\BuildLiteBehavior [ RunTime:0.000017s ]
INFO: [ app_init ] --END-- [ RunTime:0.000488s ]
INFO: [ app_begin ] --START--
INFO: Run Behavior\ReadHtmlCacheBehavior [ RunTime:0.000724s ]
INFO: [ app_begin ] --END-- [ RunTime:0.000781s ]
NOTIC: [8] Undefined index: db_dsn E:\Apache2.2\htdocs\dongli\ThinkPHP\Library\Think\Db.class.php 第 129 行.
NOTIC: [8] Undefined index: db_params E:\Apache2.2\htdocs\dongli\ThinkPHP\Library\Think\Db.class.php 第 130 行.
SQL: SHOW COLUMNS FROM `user` [ RunTime:0.049817s ]
ERR: 1146:Table 'power.user' doesn't exist
 [ SQL语句 ] : SHOW COLUMNS FROM `user`
SQL: SELECT * FROM `user` WHERE ( `is_relate` = 1 )  [ RunTime:0.050298s ]
ERR: 1146:Table 'power.user' doesn't exist
 [ SQL语句 ] : SELECT * FROM `user` WHERE ( `is_relate` = 1 ) 

[ 2014-05-08T17:14:31+08:00 ] 127.0.0.1 /index.php/Home/Weimedia/Index/order/1
INFO: [ app_init ] --START--
INFO: Run Behavior\BuildLiteBehavior [ RunTime:0.000017s ]
INFO: [ app_init ] --END-- [ RunTime:0.000492s ]
INFO: [ app_begin ] --START--
INFO: Run Behavior\ReadHtmlCacheBehavior [ RunTime:0.000865s ]
INFO: [ app_begin ] --END-- [ RunTime:0.000925s ]
NOTIC: [8] Undefined index: db_dsn E:\Apache2.2\htdocs\dongli\ThinkPHP\Library\Think\Db.class.php 第 129 行.
NOTIC: [8] Undefined index: db_params E:\Apache2.2\htdocs\dongli\ThinkPHP\Library\Think\Db.class.php 第 130 行.
SQL: SHOW COLUMNS FROM `user` [ RunTime:0.049185s ]
ERR: 1146:Table 'power.user' doesn't exist
 [ SQL语句 ] : SHOW COLUMNS FROM `user`
SQL: SELECT * FROM `user` WHERE ( `is_relate` = 1 )  [ RunTime:0.081455s ]
ERR: 1146:Table 'power.user' doesn't exist
 [ SQL语句 ] : SELECT * FROM `user` WHERE ( `is_relate` = 1 ) 

[ 2014-05-08T17:15:58+08:00 ] 127.0.0.1 /index.php/Home/Weimedia/Index/order/1
INFO: [ app_init ] --START--
INFO: Run Behavior\BuildLiteBehavior [ RunTime:0.000019s ]
INFO: [ app_init ] --END-- [ RunTime:0.000465s ]
INFO: [ app_begin ] --START--
INFO: Run Behavior\ReadHtmlCacheBehavior [ RunTime:0.000814s ]
INFO: [ app_begin ] --END-- [ RunTime:0.000879s ]
NOTIC: [8] Undefined index: db_dsn E:\Apache2.2\htdocs\dongli\ThinkPHP\Library\Think\Db.class.php 第 129 行.
NOTIC: [8] Undefined index: db_params E:\Apache2.2\htdocs\dongli\ThinkPHP\Library\Think\Db.class.php 第 130 行.
SQL: SHOW COLUMNS FROM `user` [ RunTime:0.054636s ]
ERR: 1146:Table 'power.user' doesn't exist
 [ SQL语句 ] : SHOW COLUMNS FROM `user`
SQL: SELECT * FROM `user` WHERE ( `is_relate` = 1 )  [ RunTime:0.055218s ]
ERR: 1146:Table 'power.user' doesn't exist
 [ SQL语句 ] : SELECT * FROM `user` WHERE ( `is_relate` = 1 ) 

[ 2014-05-08T17:16:20+08:00 ] 127.0.0.1 /index.php/Home/Weimedia/Index/order/1
INFO: [ app_init ] --START--
INFO: Run Behavior\BuildLiteBehavior [ RunTime:0.000017s ]
INFO: [ app_init ] --END-- [ RunTime:0.000395s ]
INFO: [ app_begin ] --START--
INFO: Run Behavior\ReadHtmlCacheBehavior [ RunTime:0.000568s ]
INFO: [ app_begin ] --END-- [ RunTime:0.000626s ]
NOTIC: [8] Undefined index: db_dsn E:\Apache2.2\htdocs\dongli\ThinkPHP\Library\Think\Db.class.php 第 129 行.
NOTIC: [8] Undefined index: db_params E:\Apache2.2\htdocs\dongli\ThinkPHP\Library\Think\Db.class.php 第 130 行.
SQL: SHOW COLUMNS FROM `user` [ RunTime:0.049426s ]
ERR: 1146:Table 'power.user' doesn't exist
 [ SQL语句 ] : SHOW COLUMNS FROM `user`
SQL: SELECT * FROM `user` WHERE ( `is_relate` = 1 )  [ RunTime:0.047737s ]
ERR: 1146:Table 'power.user' doesn't exist
 [ SQL语句 ] : SELECT * FROM `user` WHERE ( `is_relate` = 1 ) 

[ 2014-05-08T17:17:41+08:00 ] 127.0.0.1 /index.php/Home/Weimedia/Index/order/1
INFO: [ app_init ] --START--
INFO: Run Behavior\BuildLiteBehavior [ RunTime:0.000019s ]
INFO: [ app_init ] --END-- [ RunTime:0.000565s ]
INFO: [ app_begin ] --START--
INFO: Run Behavior\ReadHtmlCacheBehavior [ RunTime:0.000840s ]
INFO: [ app_begin ] --END-- [ RunTime:0.000905s ]
NOTIC: [8] Undefined index: db_dsn E:\Apache2.2\htdocs\dongli\ThinkPHP\Library\Think\Db.class.php 第 129 行.
NOTIC: [8] Undefined index: db_params E:\Apache2.2\htdocs\dongli\ThinkPHP\Library\Think\Db.class.php 第 130 行.
SQL: SHOW COLUMNS FROM `user` [ RunTime:0.053326s ]
ERR: 1146:Table 'power.user' doesn't exist
 [ SQL语句 ] : SHOW COLUMNS FROM `user`
SQL: SELECT * FROM `user` WHERE ( `is_relate` = 1 )  [ RunTime:0.054352s ]
ERR: 1146:Table 'power.user' doesn't exist
 [ SQL语句 ] : SELECT * FROM `user` WHERE ( `is_relate` = 1 ) 

[ 2014-05-08T17:18:05+08:00 ] 127.0.0.1 /index.php/Home/Weimedia/Index/order/1
INFO: [ app_init ] --START--
INFO: Run Behavior\BuildLiteBehavior [ RunTime:0.000021s ]
INFO: [ app_init ] --END-- [ RunTime:0.000587s ]
INFO: [ app_begin ] --START--
INFO: Run Behavior\ReadHtmlCacheBehavior [ RunTime:0.000975s ]
INFO: [ app_begin ] --END-- [ RunTime:0.001051s ]
NOTIC: [8] Undefined index: db_dsn E:\Apache2.2\htdocs\dongli\ThinkPHP\Library\Think\Db.class.php 第 129 行.
NOTIC: [8] Undefined index: db_params E:\Apache2.2\htdocs\dongli\ThinkPHP\Library\Think\Db.class.php 第 130 行.
SQL: SHOW COLUMNS FROM `p_user` [ RunTime:0.050283s ]
SQL: SELECT * FROM `p_user` WHERE ( `is_relate` = 1 )  [ RunTime:0.050026s ]

[ 2014-05-08T17:19:03+08:00 ] 127.0.0.1 /index.php/Home/Weimedia/Index/order/1
INFO: [ app_init ] --START--
INFO: Run Behavior\BuildLiteBehavior [ RunTime:0.000015s ]
INFO: [ app_init ] --END-- [ RunTime:0.000388s ]
INFO: [ app_begin ] --START--
INFO: Run Behavior\ReadHtmlCacheBehavior [ RunTime:0.000570s ]
INFO: [ app_begin ] --END-- [ RunTime:0.000626s ]
NOTIC: [8] Undefined index: db_dsn E:\Apache2.2\htdocs\dongli\ThinkPHP\Library\Think\Db.class.php 第 129 行.
NOTIC: [8] Undefined index: db_params E:\Apache2.2\htdocs\dongli\ThinkPHP\Library\Think\Db.class.php 第 130 行.
SQL: SHOW COLUMNS FROM `p_user` [ RunTime:0.050116s ]
SQL: SELECT * FROM `p_user` WHERE ( `is_relate` = 1 ) AND ( `status` = 1 ) AND ( `type` = 1 )  [ RunTime:0.050213s ]
NOTIC: [8] Undefined index: db_dsn E:\Apache2.2\htdocs\dongli\ThinkPHP\Library\Think\Db.class.php 第 129 行.
NOTIC: [8] Undefined index: db_params E:\Apache2.2\htdocs\dongli\ThinkPHP\Library\Think\Db.class.php 第 130 行.
SQL: SHOW COLUMNS FROM `tp_wxuser` [ RunTime:0.051484s ]
SQL: SELECT * FROM `tp_wxuser` WHERE ( `uid` = 9 ) LIMIT 1   [ RunTime:0.051204s ]

[ 2014-05-08T17:19:07+08:00 ] 127.0.0.1 /index.php/Home/Weimedia/Index/order/1
INFO: [ app_init ] --START--
INFO: Run Behavior\BuildLiteBehavior [ RunTime:0.000023s ]
INFO: [ app_init ] --END-- [ RunTime:0.000472s ]
INFO: [ app_begin ] --START--
INFO: Run Behavior\ReadHtmlCacheBehavior [ RunTime:0.000717s ]
INFO: [ app_begin ] --END-- [ RunTime:0.000801s ]
NOTIC: [8] Undefined index: db_dsn E:\Apache2.2\htdocs\dongli\ThinkPHP\Library\Think\Db.class.php 第 129 行.
NOTIC: [8] Undefined index: db_params E:\Apache2.2\htdocs\dongli\ThinkPHP\Library\Think\Db.class.php 第 130 行.
SQL: SHOW COLUMNS FROM `p_user` [ RunTime:0.054820s ]
SQL: SELECT * FROM `p_user` WHERE ( `is_relate` = 1 ) AND ( `status` = 1 ) AND ( `type` = 1 )  [ RunTime:0.055974s ]
NOTIC: [8] Undefined index: db_dsn E:\Apache2.2\htdocs\dongli\ThinkPHP\Library\Think\Db.class.php 第 129 行.
NOTIC: [8] Undefined index: db_params E:\Apache2.2\htdocs\dongli\ThinkPHP\Library\Think\Db.class.php 第 130 行.
SQL: SHOW COLUMNS FROM `tp_wxuser` [ RunTime:0.053534s ]
SQL: SELECT * FROM `tp_wxuser` WHERE ( `uid` = 9 ) LIMIT 1   [ RunTime:0.052307s ]

[ 2014-05-08T17:20:50+08:00 ] 127.0.0.1 /index.php/Home/Weimedia/Index/order/1
INFO: [ app_init ] --START--
INFO: Run Behavior\BuildLiteBehavior [ RunTime:0.000025s ]
INFO: [ app_init ] --END-- [ RunTime:0.000535s ]
INFO: [ app_begin ] --START--
INFO: Run Behavior\ReadHtmlCacheBehavior [ RunTime:0.000815s ]
INFO: [ app_begin ] --END-- [ RunTime:0.000875s ]
NOTIC: [8] Undefined index: db_dsn E:\Apache2.2\htdocs\dongli\ThinkPHP\Library\Think\Db.class.php 第 129 行.
NOTIC: [8] Undefined index: db_params E:\Apache2.2\htdocs\dongli\ThinkPHP\Library\Think\Db.class.php 第 130 行.
SQL: SHOW COLUMNS FROM `p_user` [ RunTime:0.055257s ]
SQL: SELECT * FROM `p_user` WHERE ( `is_relate` = 1 ) AND ( `status` = 1 ) AND ( `type` = 1 )  [ RunTime:0.055089s ]
NOTIC: [8] Undefined index: db_dsn E:\Apache2.2\htdocs\dongli\ThinkPHP\Library\Think\Db.class.php 第 129 行.
NOTIC: [8] Undefined index: db_params E:\Apache2.2\htdocs\dongli\ThinkPHP\Library\Think\Db.class.php 第 130 行.
SQL: SHOW COLUMNS FROM `tp_wxuser` [ RunTime:0.070639s ]
SQL: SELECT * FROM `tp_wxuser` WHERE ( `uid` = 9 ) LIMIT 1   [ RunTime:0.052543s ]
INFO: [ view_parse ] --START--
INFO: [ template_filter ] --START--
INFO: Run Behavior\ContentReplaceBehavior [ RunTime:0.000340s ]
INFO: [ template_filter ] --END-- [ RunTime:0.000421s ]
INFO: Run Behavior\ParseTemplateBehavior [ RunTime:0.034766s ]
INFO: [ view_parse ] --END-- [ RunTime:0.034846s ]
INFO: [ view_filter ] --START--
INFO: Run Behavior\WriteHtmlCacheBehavior [ RunTime:0.000427s ]
INFO: [ view_filter ] --END-- [ RunTime:0.000476s ]
INFO: [ app_end ] --START--
INFO: Run Behavior\ShowPageTraceBehavior [ RunTime:0.000808s ]
INFO: [ app_end ] --END-- [ RunTime:0.000870s ]

[ 2014-05-08T17:21:27+08:00 ] 127.0.0.1 /index.php/Home/Weimedia/Index/order/1
INFO: [ app_init ] --START--
INFO: Run Behavior\BuildLiteBehavior [ RunTime:0.000018s ]
INFO: [ app_init ] --END-- [ RunTime:0.000401s ]
INFO: [ app_begin ] --START--
INFO: Run Behavior\ReadHtmlCacheBehavior [ RunTime:0.000574s ]
INFO: [ app_begin ] --END-- [ RunTime:0.000630s ]
NOTIC: [8] Undefined index: db_dsn E:\Apache2.2\htdocs\dongli\ThinkPHP\Library\Think\Db.class.php 第 129 行.
NOTIC: [8] Undefined index: db_params E:\Apache2.2\htdocs\dongli\ThinkPHP\Library\Think\Db.class.php 第 130 行.
SQL: SHOW COLUMNS FROM `p_user` [ RunTime:0.051302s ]
SQL: SELECT * FROM `p_user` WHERE ( `is_relate` = 1 ) AND ( `status` = 1 ) AND ( `type` = 1 )  [ RunTime:0.106100s ]
NOTIC: [8] Undefined index: db_dsn E:\Apache2.2\htdocs\dongli\ThinkPHP\Library\Think\Db.class.php 第 129 行.
NOTIC: [8] Undefined index: db_params E:\Apache2.2\htdocs\dongli\ThinkPHP\Library\Think\Db.class.php 第 130 行.
SQL: SHOW COLUMNS FROM `tp_wxuser` [ RunTime:0.053183s ]
SQL: SELECT * FROM `tp_wxuser` WHERE ( `uid` = 9 ) LIMIT 1   [ RunTime:0.052662s ]
INFO: [ view_parse ] --START--
INFO: [ template_filter ] --START--
INFO: Run Behavior\ContentReplaceBehavior [ RunTime:0.000302s ]
INFO: [ template_filter ] --END-- [ RunTime:0.000378s ]
INFO: Run Behavior\ParseTemplateBehavior [ RunTime:0.017633s ]
INFO: [ view_parse ] --END-- [ RunTime:0.017694s ]
INFO: [ view_filter ] --START--
INFO: Run Behavior\WriteHtmlCacheBehavior [ RunTime:0.000271s ]
INFO: [ view_filter ] --END-- [ RunTime:0.000314s ]
INFO: [ app_end ] --START--
INFO: Run Behavior\ShowPageTraceBehavior [ RunTime:0.000615s ]
INFO: [ app_end ] --END-- [ RunTime:0.000668s ]

[ 2014-05-08T17:25:40+08:00 ] 127.0.0.1 /index.php/Home/Weimedia/Index/order/1
INFO: [ app_init ] --START--
INFO: Run Behavior\BuildLiteBehavior [ RunTime:0.000018s ]
INFO: [ app_init ] --END-- [ RunTime:0.000477s ]
INFO: [ app_begin ] --START--
INFO: Run Behavior\ReadHtmlCacheBehavior [ RunTime:0.000937s ]
INFO: [ app_begin ] --END-- [ RunTime:0.001004s ]
NOTIC: [8] Undefined index: db_dsn E:\Apache2.2\htdocs\dongli\ThinkPHP\Library\Think\Db.class.php 第 129 行.
NOTIC: [8] Undefined index: db_params E:\Apache2.2\htdocs\dongli\ThinkPHP\Library\Think\Db.class.php 第 130 行.
SQL: SHOW COLUMNS FROM `p_user` [ RunTime:0.049339s ]
SQL: SELECT * FROM `p_user` WHERE ( `is_relate` = 1 ) AND ( `status` = 1 ) AND ( `type` = 1 )  [ RunTime:0.050456s ]
NOTIC: [8] Undefined index: db_dsn E:\Apache2.2\htdocs\dongli\ThinkPHP\Library\Think\Db.class.php 第 129 行.
NOTIC: [8] Undefined index: db_params E:\Apache2.2\htdocs\dongli\ThinkPHP\Library\Think\Db.class.php 第 130 行.
SQL: SHOW COLUMNS FROM `tp_wxuser` [ RunTime:0.052926s ]
SQL: SELECT * FROM `tp_wxuser` WHERE ( `uid` = 9 ) LIMIT 1   [ RunTime:0.052054s ]

